<?xml version="1.0" encoding="UTF-8"?>
<!-- Generated by org.testng.reporters.JUnitXMLReporter -->
<testsuite ignored="0" hostname="DESKTOP-VAQKFJ2" failures="0" tests="4" name="Default test" time="30.577" errors="0" timestamp="15 Apr 2024 09:48:16 GMT">
  <testcase classname="qa.tests.TC_01_VerifyUserAbleToLoginIntoApplication" name="verifyUserAbleToLoginIntoApplication" time="0.657"/>
  <testcase classname="qa.tests.TC_01_VerifyUserAbleToLoginIntoApplication" name="verifyUserAbleToLoginIntoApplication" time="0.48"/>
  <testcase classname="qa.tests.TC_01_VerifyUserAbleToLoginIntoApplication" name="verifyWhetherApplicationProvidAlertMessageWithWrongUserCredentials" time="0.441"/>
  <testcase classname="qa.tests.TC_01_VerifyUserAbleToLoginIntoApplication" name="verifyWhetherApplicationProvidAlertMessageWithWrongUserCredentials" time="0.434"/>
</testsuite> <!-- Default test -->
