<?xml version="1.0" encoding="UTF-8"?>
<!-- Generated by org.testng.reporters.JUnitXMLReporter -->
<testsuite ignored="0" hostname="DESKTOP-VAQKFJ2" failures="0" tests="2" name="Default test" time="12.708" errors="0" timestamp="14 Apr 2024 17:41:33 GMT">
  <testcase classname="qa.tests.TC_02_VerifyUserAbleToPlaceTheOrder" name="verifyUserAbleToPlaceTheOrder" time="2.726"/>
  <testcase classname="qa.tests.TC_02_VerifyUserAbleToPlaceTheOrder" name="verifyUserAbleToPlaceTheOrder" time="2.977"/>
</testsuite> <!-- Default test -->
