<?xml version="1.0" encoding="UTF-8"?>
<!-- Generated by org.testng.reporters.JUnitXMLReporter -->
<testsuite ignored="1" hostname="DESKTOP-VAQKFJ2" failures="0" tests="4" name="Test" time="16.078" errors="0" timestamp="14 Apr 2024 17:52:27 GMT">
  <testcase classname="qa.tests.TC_02_VerifyUserAbleToPlaceTheOrder" name="verifyUserAbleToPlaceTheOrder" time="3.108"/>
  <testcase classname="qa.tests.TC_02_VerifyUserAbleToPlaceTheOrder" name="verifyUserAbleToPlaceTheOrder" time="2.695"/>
  <testcase classname="qa.tests.TC_01_VerifyUserAbleToLoginIntoApplication" name="verifyUserAbleToLoginIntoApplication" time="0.54"/>
  <testcase classname="qa.tests.TC_01_VerifyUserAbleToLoginIntoApplication" name="verifyUserAbleToLoginIntoApplication" time="0.566"/>
  <testcase classname="qa.tests.TC_01_VerifyUserAbleToLoginIntoApplication" name="verifyWhetherApplicationProvidAlertMessageWithWrongUserCredentials" time="0.0">
    <ignored/>
  </testcase> <!-- verifyWhetherApplicationProvidAlertMessageWithWrongUserCredentials -->
</testsuite> <!-- Test -->
