<?xml version="1.0" encoding="UTF-8"?>
<!-- Generated by org.testng.reporters.JUnitXMLReporter -->
<testsuite ignored="1" hostname="DESKTOP-VAQKFJ2" failures="0" tests="4" name="Test" time="21.158" errors="0" timestamp="15 Apr 2024 10:19:27 GMT">
  <testcase classname="qa.tests.TC_02_VerifyUserAbleToPlaceTheOrder" name="verifyUserAbleToPlaceTheOrder" time="3.215"/>
  <testcase classname="qa.tests.TC_02_VerifyUserAbleToPlaceTheOrder" name="verifyUserAbleToPlaceTheOrder" time="3.145"/>
  <testcase classname="qa.tests.TC_01_VerifyUserAbleToLoginIntoApplication" name="verifyUserAbleToLoginIntoApplication" time="0.781"/>
  <testcase classname="qa.tests.TC_01_VerifyUserAbleToLoginIntoApplication" name="verifyUserAbleToLoginIntoApplication" time="0.72"/>
  <testcase classname="qa.tests.TC_01_VerifyUserAbleToLoginIntoApplication" name="verifyWhetherApplicationProvidAlertMessageWithWrongUserCredentials" time="0.0">
    <ignored/>
  </testcase> <!-- verifyWhetherApplicationProvidAlertMessageWithWrongUserCredentials -->
</testsuite> <!-- Test -->
