<?xml version="1.0" encoding="UTF-8"?>
<testng-results ignored="1" total="5" passed="4" failed="0" skipped="0">
  <reporter-output>
  </reporter-output>
  <suite started-at="2024-04-15T10:19:06Z" name="Suite" finished-at="2024-04-15T10:19:27Z" duration-ms="21158">
    <groups>
      <group name="Regression">
        <method signature="TC_01_VerifyUserAbleToLoginIntoApplication.verifyUserAbleToLoginIntoApplication(java.util.HashMap)[pri:0, instance:qa.tests.TC_01_VerifyUserAbleToLoginIntoApplication@7d286fb6]" name="verifyUserAbleToLoginIntoApplication" class="qa.tests.TC_01_VerifyUserAbleToLoginIntoApplication"/>
        <method signature="TC_02_VerifyUserAbleToPlaceTheOrder.verifyUserAbleToPlaceTheOrder(java.util.HashMap)[pri:0, instance:qa.tests.TC_02_VerifyUserAbleToPlaceTheOrder@48793bef]" name="verifyUserAbleToPlaceTheOrder" class="qa.tests.TC_02_VerifyUserAbleToPlaceTheOrder"/>
      </group> <!-- Regression -->
      <group name="Smoke">
        <method signature="TC_01_VerifyUserAbleToLoginIntoApplication.verifyUserAbleToLoginIntoApplication(java.util.HashMap)[pri:0, instance:qa.tests.TC_01_VerifyUserAbleToLoginIntoApplication@7d286fb6]" name="verifyUserAbleToLoginIntoApplication" class="qa.tests.TC_01_VerifyUserAbleToLoginIntoApplication"/>
        <method signature="TC_02_VerifyUserAbleToPlaceTheOrder.verifyUserAbleToPlaceTheOrder(java.util.HashMap)[pri:0, instance:qa.tests.TC_02_VerifyUserAbleToPlaceTheOrder@48793bef]" name="verifyUserAbleToPlaceTheOrder" class="qa.tests.TC_02_VerifyUserAbleToPlaceTheOrder"/>
      </group> <!-- Smoke -->
    </groups>
    <test started-at="2024-04-15T10:19:06Z" name="Test" finished-at="2024-04-15T10:19:27Z" duration-ms="21158">
      <class name="qa.tests.TC_02_VerifyUserAbleToPlaceTheOrder">
        <test-method is-config="true" signature="intiziate_driver()[pri:0, instance:qa.tests.TC_02_VerifyUserAbleToPlaceTheOrder@48793bef]" started-at="2024-04-15T10:19:06Z" name="intiziate_driver" finished-at="2024-04-15T10:19:08Z" duration-ms="2459" status="PASS">
          <reporter-output>
          </reporter-output>
        </test-method> <!-- intiziate_driver -->
        <test-method signature="verifyUserAbleToPlaceTheOrder(java.util.HashMap)[pri:0, instance:qa.tests.TC_02_VerifyUserAbleToPlaceTheOrder@48793bef]" started-at="2024-04-15T10:19:08Z" name="verifyUserAbleToPlaceTheOrder" data-provider="purchaseDetails" finished-at="2024-04-15T10:19:12Z" duration-ms="3215" status="PASS">
          <params>
            <param index="0">
              <value>
                <![CDATA[{password=Sk@123456789, email=sagar95kumbhar@gmail.com, productName=IPHONE 13 PRO}]]>
              </value>
            </param>
          </params>
          <reporter-output>
          </reporter-output>
        </test-method> <!-- verifyUserAbleToPlaceTheOrder -->
        <test-method is-config="true" signature="tearDown()[pri:0, instance:qa.tests.TC_02_VerifyUserAbleToPlaceTheOrder@48793bef]" started-at="2024-04-15T10:19:12Z" name="tearDown" finished-at="2024-04-15T10:19:13Z" duration-ms="1324" status="PASS">
          <reporter-output>
          </reporter-output>
        </test-method> <!-- tearDown -->
        <test-method is-config="true" signature="intiziate_driver()[pri:0, instance:qa.tests.TC_02_VerifyUserAbleToPlaceTheOrder@48793bef]" started-at="2024-04-15T10:19:13Z" name="intiziate_driver" finished-at="2024-04-15T10:19:15Z" duration-ms="1895" status="PASS">
          <reporter-output>
          </reporter-output>
        </test-method> <!-- intiziate_driver -->
        <test-method signature="verifyUserAbleToPlaceTheOrder(java.util.HashMap)[pri:0, instance:qa.tests.TC_02_VerifyUserAbleToPlaceTheOrder@48793bef]" started-at="2024-04-15T10:19:15Z" name="verifyUserAbleToPlaceTheOrder" data-provider="purchaseDetails" finished-at="2024-04-15T10:19:18Z" duration-ms="3145" status="PASS">
          <params>
            <param index="0">
              <value>
                <![CDATA[{password=Rk@123456789, email=rutuja903@gmail.com, productName=ADIDAS ORIGINAL}]]>
              </value>
            </param>
          </params>
          <reporter-output>
          </reporter-output>
        </test-method> <!-- verifyUserAbleToPlaceTheOrder -->
        <test-method is-config="true" signature="tearDown()[pri:0, instance:qa.tests.TC_02_VerifyUserAbleToPlaceTheOrder@48793bef]" started-at="2024-04-15T10:19:18Z" name="tearDown" finished-at="2024-04-15T10:19:19Z" duration-ms="1296" status="PASS">
          <reporter-output>
          </reporter-output>
        </test-method> <!-- tearDown -->
      </class> <!-- qa.tests.TC_02_VerifyUserAbleToPlaceTheOrder -->
      <class name="qa.tests.TC_01_VerifyUserAbleToLoginIntoApplication">
        <test-method is-config="true" signature="intiziate_driver()[pri:0, instance:qa.tests.TC_01_VerifyUserAbleToLoginIntoApplication@7d286fb6]" started-at="2024-04-15T10:19:19Z" name="intiziate_driver" finished-at="2024-04-15T10:19:21Z" duration-ms="1904" status="PASS">
          <reporter-output>
          </reporter-output>
        </test-method> <!-- intiziate_driver -->
        <test-method signature="verifyUserAbleToLoginIntoApplication(java.util.HashMap)[pri:0, instance:qa.tests.TC_01_VerifyUserAbleToLoginIntoApplication@7d286fb6]" started-at="2024-04-15T10:19:21Z" name="verifyUserAbleToLoginIntoApplication" data-provider="userDetails" finished-at="2024-04-15T10:19:22Z" duration-ms="781" status="PASS">
          <params>
            <param index="0">
              <value>
                <![CDATA[{password=Sk@123456789, username=sagar95kumbhar@gmail.com}]]>
              </value>
            </param>
          </params>
          <reporter-output>
          </reporter-output>
        </test-method> <!-- verifyUserAbleToLoginIntoApplication -->
        <test-method is-config="true" signature="tearDown()[pri:0, instance:qa.tests.TC_01_VerifyUserAbleToLoginIntoApplication@7d286fb6]" started-at="2024-04-15T10:19:22Z" name="tearDown" finished-at="2024-04-15T10:19:23Z" duration-ms="1250" status="PASS">
          <reporter-output>
          </reporter-output>
        </test-method> <!-- tearDown -->
        <test-method is-config="true" signature="intiziate_driver()[pri:0, instance:qa.tests.TC_01_VerifyUserAbleToLoginIntoApplication@7d286fb6]" started-at="2024-04-15T10:19:23Z" name="intiziate_driver" finished-at="2024-04-15T10:19:25Z" duration-ms="1668" status="PASS">
          <reporter-output>
          </reporter-output>
        </test-method> <!-- intiziate_driver -->
        <test-method signature="verifyUserAbleToLoginIntoApplication(java.util.HashMap)[pri:0, instance:qa.tests.TC_01_VerifyUserAbleToLoginIntoApplication@7d286fb6]" started-at="2024-04-15T10:19:25Z" name="verifyUserAbleToLoginIntoApplication" data-provider="userDetails" finished-at="2024-04-15T10:19:26Z" duration-ms="720" status="PASS">
          <params>
            <param index="0">
              <value>
                <![CDATA[{password=Rk@123456789, username=rutuja903@gmail.com}]]>
              </value>
            </param>
          </params>
          <reporter-output>
          </reporter-output>
        </test-method> <!-- verifyUserAbleToLoginIntoApplication -->
        <test-method is-config="true" signature="tearDown()[pri:0, instance:qa.tests.TC_01_VerifyUserAbleToLoginIntoApplication@7d286fb6]" started-at="2024-04-15T10:19:26Z" name="tearDown" finished-at="2024-04-15T10:19:27Z" duration-ms="1273" status="PASS">
          <reporter-output>
          </reporter-output>
        </test-method> <!-- tearDown -->
      </class> <!-- qa.tests.TC_01_VerifyUserAbleToLoginIntoApplication -->
    </test> <!-- Test -->
  </suite> <!-- Suite -->
</testng-results>
