<?xml version="1.0" encoding="UTF-8"?>
<testsuite xmlns:xsi="http://www.w3.org/2001/XMLSchema-instance" xsi:noNamespaceSchemaLocation="https://maven.apache.org/surefire/maven-surefire-plugin/xsd/surefire-test-report-3.0.xsd" version="3.0" name="TestSuite" time="25.632" tests="4" errors="0" skipped="0" failures="0">
  <properties>
[...]
</properties>
  <testcase name="verifyUserAbleToPlaceTheOrder[{password=Sk@123456789, email=sagar95kumbhar@gmail.com, productName=IPHONE 13 PRO}](1)" classname="qa.tests.TC_02_VerifyUserAbleToPlaceTheOrder" time="3.19">
    <system-out><![CDATA[[TestNGContentHandler] [WARN] It is strongly recommended to add "<!DOCTYPE suite SYSTEM "http://testng.org/testng-1.0.dtd" >" at the top of your file, otherwise TestNG may fail or not work as expected.
]]></system-out>
  </testcase>
  <testcase name="verifyUserAbleToPlaceTheOrder[{password=Rk@123456789, email=rutuja903@gmail.com, productName=ADIDAS ORIGINAL}](2)" classname="qa.tests.TC_02_VerifyUserAbleToPlaceTheOrder" time="3.475"/>
  <testcase name="verifyUserAbleToLoginIntoApplication[{password=Sk@123456789, username=sagar95kumbhar@gmail.com}](1)" classname="qa.tests.TC_01_VerifyUserAbleToLoginIntoApplication" time="0.674"/>
  <testcase name="verifyUserAbleToLoginIntoApplication[{password=Rk@123456789, username=rutuja903@gmail.com}](2)" classname="qa.tests.TC_01_VerifyUserAbleToLoginIntoApplication" time="0.833"/>
</testsuite>