<?xml version="1.0" encoding="UTF-8"?>
<testng-results ignored="0" total="4" passed="4" failed="0" skipped="0">
  <reporter-output>
  </reporter-output>
  <suite started-at="2024-04-15T09:47:45Z" name="Default suite" finished-at="2024-04-15T09:48:16Z" duration-ms="30577">
    <groups>
      <group name="Regression">
        <method signature="TC_01_VerifyUserAbleToLoginIntoApplication.verifyUserAbleToLoginIntoApplication(java.util.HashMap)[pri:0, instance:qa.tests.TC_01_VerifyUserAbleToLoginIntoApplication@20c0a64d]" name="verifyUserAbleToLoginIntoApplication" class="qa.tests.TC_01_VerifyUserAbleToLoginIntoApplication"/>
        <method signature="TC_01_VerifyUserAbleToLoginIntoApplication.verifyWhetherApplicationProvidAlertMessageWithWrongUserCredentials(java.util.HashMap)[pri:0, instance:qa.tests.TC_01_VerifyUserAbleToLoginIntoApplication@20c0a64d]" name="verifyWhetherApplicationProvidAlertMessageWithWrongUserCredentials" class="qa.tests.TC_01_VerifyUserAbleToLoginIntoApplication"/>
      </group> <!-- Regression -->
      <group name="Smoke">
        <method signature="TC_01_VerifyUserAbleToLoginIntoApplication.verifyUserAbleToLoginIntoApplication(java.util.HashMap)[pri:0, instance:qa.tests.TC_01_VerifyUserAbleToLoginIntoApplication@20c0a64d]" name="verifyUserAbleToLoginIntoApplication" class="qa.tests.TC_01_VerifyUserAbleToLoginIntoApplication"/>
      </group> <!-- Smoke -->
    </groups>
    <test started-at="2024-04-15T09:47:45Z" name="Default test" finished-at="2024-04-15T09:48:16Z" duration-ms="30577">
      <class name="qa.tests.TC_01_VerifyUserAbleToLoginIntoApplication">
        <test-method is-config="true" signature="intiziate_driver()[pri:0, instance:qa.tests.TC_01_VerifyUserAbleToLoginIntoApplication@20c0a64d]" started-at="2024-04-15T09:47:45Z" name="intiziate_driver" finished-at="2024-04-15T09:47:54Z" duration-ms="9087" status="PASS">
          <reporter-output>
          </reporter-output>
        </test-method> <!-- intiziate_driver -->
        <test-method signature="verifyUserAbleToLoginIntoApplication(java.util.HashMap)[pri:0, instance:qa.tests.TC_01_VerifyUserAbleToLoginIntoApplication@20c0a64d]" started-at="2024-04-15T09:47:54Z" name="verifyUserAbleToLoginIntoApplication" data-provider="userDetails" finished-at="2024-04-15T09:47:55Z" duration-ms="657" status="PASS">
          <params>
            <param index="0">
              <value>
                <![CDATA[{password=Sk@123456789, username=sagar95kumbhar@gmail.com}]]>
              </value>
            </param>
          </params>
          <reporter-output>
          </reporter-output>
        </test-method> <!-- verifyUserAbleToLoginIntoApplication -->
        <test-method is-config="true" signature="tearDown()[pri:0, instance:qa.tests.TC_01_VerifyUserAbleToLoginIntoApplication@20c0a64d]" started-at="2024-04-15T09:47:55Z" name="tearDown" finished-at="2024-04-15T09:47:56Z" duration-ms="1164" status="PASS">
          <reporter-output>
          </reporter-output>
        </test-method> <!-- tearDown -->
        <test-method is-config="true" signature="intiziate_driver()[pri:0, instance:qa.tests.TC_01_VerifyUserAbleToLoginIntoApplication@20c0a64d]" started-at="2024-04-15T09:47:56Z" name="intiziate_driver" finished-at="2024-04-15T09:48:01Z" duration-ms="5205" status="PASS">
          <reporter-output>
          </reporter-output>
        </test-method> <!-- intiziate_driver -->
        <test-method signature="verifyUserAbleToLoginIntoApplication(java.util.HashMap)[pri:0, instance:qa.tests.TC_01_VerifyUserAbleToLoginIntoApplication@20c0a64d]" started-at="2024-04-15T09:48:01Z" name="verifyUserAbleToLoginIntoApplication" data-provider="userDetails" finished-at="2024-04-15T09:48:02Z" duration-ms="480" status="PASS">
          <params>
            <param index="0">
              <value>
                <![CDATA[{password=Rk@123456789, username=rutuja903@gmail.com}]]>
              </value>
            </param>
          </params>
          <reporter-output>
          </reporter-output>
        </test-method> <!-- verifyUserAbleToLoginIntoApplication -->
        <test-method is-config="true" signature="tearDown()[pri:0, instance:qa.tests.TC_01_VerifyUserAbleToLoginIntoApplication@20c0a64d]" started-at="2024-04-15T09:48:02Z" name="tearDown" finished-at="2024-04-15T09:48:03Z" duration-ms="1197" status="PASS">
          <reporter-output>
          </reporter-output>
        </test-method> <!-- tearDown -->
        <test-method is-config="true" signature="intiziate_driver()[pri:0, instance:qa.tests.TC_01_VerifyUserAbleToLoginIntoApplication@20c0a64d]" started-at="2024-04-15T09:48:03Z" name="intiziate_driver" finished-at="2024-04-15T09:48:08Z" duration-ms="4626" status="PASS">
          <reporter-output>
          </reporter-output>
        </test-method> <!-- intiziate_driver -->
        <test-method signature="verifyWhetherApplicationProvidAlertMessageWithWrongUserCredentials(java.util.HashMap)[pri:0, instance:qa.tests.TC_01_VerifyUserAbleToLoginIntoApplication@20c0a64d]" started-at="2024-04-15T09:48:08Z" name="verifyWhetherApplicationProvidAlertMessageWithWrongUserCredentials" data-provider="userInvalidDetails" finished-at="2024-04-15T09:48:08Z" duration-ms="441" status="PASS">
          <params>
            <param index="0">
              <value>
                <![CDATA[{password=Sk@123456789, username=sagar95@gmail.com}]]>
              </value>
            </param>
          </params>
          <reporter-output>
          </reporter-output>
        </test-method> <!-- verifyWhetherApplicationProvidAlertMessageWithWrongUserCredentials -->
        <test-method is-config="true" signature="tearDown()[pri:0, instance:qa.tests.TC_01_VerifyUserAbleToLoginIntoApplication@20c0a64d]" started-at="2024-04-15T09:48:08Z" name="tearDown" finished-at="2024-04-15T09:48:09Z" duration-ms="1159" status="PASS">
          <reporter-output>
          </reporter-output>
        </test-method> <!-- tearDown -->
        <test-method is-config="true" signature="intiziate_driver()[pri:0, instance:qa.tests.TC_01_VerifyUserAbleToLoginIntoApplication@20c0a64d]" started-at="2024-04-15T09:48:09Z" name="intiziate_driver" finished-at="2024-04-15T09:48:14Z" duration-ms="4602" status="PASS">
          <reporter-output>
          </reporter-output>
        </test-method> <!-- intiziate_driver -->
        <test-method signature="verifyWhetherApplicationProvidAlertMessageWithWrongUserCredentials(java.util.HashMap)[pri:0, instance:qa.tests.TC_01_VerifyUserAbleToLoginIntoApplication@20c0a64d]" started-at="2024-04-15T09:48:14Z" name="verifyWhetherApplicationProvidAlertMessageWithWrongUserCredentials" data-provider="userInvalidDetails" finished-at="2024-04-15T09:48:14Z" duration-ms="434" status="PASS">
          <params>
            <param index="0">
              <value>
                <![CDATA[{password=Sk@123456789, username=sagar@gmail.com}]]>
              </value>
            </param>
          </params>
          <reporter-output>
          </reporter-output>
        </test-method> <!-- verifyWhetherApplicationProvidAlertMessageWithWrongUserCredentials -->
        <test-method is-config="true" signature="tearDown()[pri:0, instance:qa.tests.TC_01_VerifyUserAbleToLoginIntoApplication@20c0a64d]" started-at="2024-04-15T09:48:14Z" name="tearDown" finished-at="2024-04-15T09:48:16Z" duration-ms="1137" status="PASS">
          <reporter-output>
          </reporter-output>
        </test-method> <!-- tearDown -->
      </class> <!-- qa.tests.TC_01_VerifyUserAbleToLoginIntoApplication -->
    </test> <!-- Default test -->
  </suite> <!-- Default suite -->
</testng-results>
